TN:
SF:src/module-1/basics/01-hello-world/01-helloWorld.js
FN:1,helloWorld
FN:5,alerta
FNF:2
FNH:2
FNDA:1,helloWorld
FNDA:1,alerta
DA:1,1
DA:2,1
DA:3,1
DA:4,1
DA:5,1
DA:6,1
DA:7,1
DA:8,1
DA:9,1
DA:10,1
DA:11,1
DA:12,1
DA:13,1
DA:14,1
DA:15,1
DA:16,1
LF:16
LH:16
BRDA:1,0,0,1
BRDA:5,1,0,1
BRF:2
BRH:2
end_of_record
TN:
SF:src/module-1/basics/02-classes/classes.js
FN:2,dog
FN:7,<instance_members_initializer>
FN:7,getName
FN:8,getHeigth
FN:9,getColor
FN:10,setName
FN:11,setHeight
FN:12,setColor
FNF:8
FNH:2
FNDA:4,dog
FNDA:4,<instance_members_initializer>
FNDA:0,getName
FNDA:0,getHeigth
FNDA:0,getColor
FNDA:0,setName
FNDA:0,setHeight
FNDA:0,setColor
DA:1,1
DA:2,1
DA:3,4
DA:4,4
DA:5,4
DA:6,4
DA:7,1
DA:8,4
DA:9,4
DA:10,4
DA:11,4
DA:12,4
DA:13,1
DA:14,1
DA:15,1
DA:16,1
DA:17,1
LF:17
LH:17
BRDA:2,0,0,4
BRDA:7,1,0,4
BRF:2
BRH:2
end_of_record
TN:
SF:src/module-1/basics/02-classes/game-class.js
FN:3,Game
FN:24,isDealTrue
FN:29,HTMLBody
FNF:3
FNH:3
FNDA:5,Game
FNDA:2,isDealTrue
FNDA:2,HTMLBody
DA:1,1
DA:2,1
DA:3,1
DA:4,5
DA:5,5
DA:6,5
DA:7,5
DA:8,5
DA:9,5
DA:10,5
DA:11,5
DA:12,5
DA:13,5
DA:14,5
DA:15,5
DA:16,5
DA:17,5
DA:18,5
DA:19,5
DA:20,5
DA:21,5
DA:22,5
DA:23,5
DA:24,1
DA:25,2
DA:26,2
DA:27,1
DA:28,1
DA:29,1
DA:30,2
DA:31,2
DA:32,2
DA:33,2
DA:34,2
DA:35,2
DA:36,2
DA:37,2
DA:38,2
DA:39,2
DA:40,2
DA:41,2
DA:42,2
DA:43,2
DA:44,2
DA:45,2
DA:46,2
DA:47,2
DA:48,2
DA:49,2
DA:50,2
DA:51,2
DA:52,2
DA:53,2
DA:54,2
DA:55,2
DA:56,1
DA:57,1
DA:58,1
DA:59,1
DA:60,1
DA:61,1
DA:62,1
LF:62
LH:62
BRDA:3,0,0,5
BRDA:24,1,0,2
BRDA:25,2,0,0
BRDA:29,3,0,2
BRF:4
BRH:3
end_of_record
TN:
SF:src/module-1/basics/02-classes/2.1-extends/extends.js
FN:4,doggy
FN:10,funcStartDoggo
FNF:2
FNH:2
FNDA:3,doggy
FNDA:2,funcStartDoggo
DA:1,1
DA:2,1
DA:3,1
DA:4,1
DA:5,3
DA:6,3
DA:7,3
DA:8,1
DA:9,1
DA:10,1
DA:11,2
DA:12,2
DA:13,2
DA:14,2
DA:15,2
DA:16,2
DA:17,2
DA:18,2
DA:19,2
DA:20,2
DA:21,2
DA:22,2
DA:23,2
DA:24,2
DA:25,1
DA:26,1
DA:27,1
DA:28,1
DA:29,1
DA:30,1
DA:31,1
LF:31
LH:31
BRDA:4,0,0,3
BRDA:10,1,0,2
BRF:2
BRH:2
end_of_record
TN:
SF:src/module-1/basics/02-classes/2.2-getters-setters/getter-setter-class.js
FN:2,Person
FN:5,get getName
FN:8,set setName
FN:16,refreshInfos
FN:27,HTML
FNF:5
FNH:5
FNDA:3,Person
FNDA:1,get getName
FNDA:1,set setName
FNDA:2,refreshInfos
FNDA:1,HTML
DA:1,1
DA:2,1
DA:3,3
DA:4,3
DA:5,1
DA:6,1
DA:7,1
DA:8,1
DA:9,1
DA:10,1
DA:11,1
DA:12,1
DA:13,1
DA:14,1
DA:15,1
DA:16,1
DA:17,2
DA:18,2
DA:19,2
DA:20,2
DA:21,2
DA:22,2
DA:23,2
DA:24,2
DA:25,2
DA:26,1
DA:27,1
DA:28,1
DA:29,1
DA:30,1
DA:31,1
DA:32,1
DA:33,1
DA:34,1
DA:35,1
DA:36,1
DA:37,1
DA:38,1
DA:39,1
DA:40,1
DA:41,1
DA:42,1
DA:43,1
DA:44,1
DA:45,1
DA:46,1
DA:47,1
DA:48,1
LF:48
LH:48
BRDA:2,0,0,3
BRDA:5,1,0,1
BRDA:8,2,0,1
BRDA:16,3,0,2
BRDA:27,4,0,1
BRF:5
BRH:5
end_of_record
TN:
SF:src/module-1/basics/03-modules/03-1-calc/17-CalcArea.js
FN:2,circleArea
FN:4,squareArea
FNF:2
FNH:2
FNDA:2,circleArea
FNDA:1,squareArea
DA:1,1
DA:2,1
DA:3,1
DA:4,1
DA:5,1
DA:6,1
DA:7,1
DA:8,1
DA:9,1
DA:10,1
LF:10
LH:10
BRDA:2,0,0,2
BRDA:4,1,0,1
BRF:2
BRH:2
end_of_record
TN:
SF:src/module-1/basics/04-type-script/hello-world.ts
FNF:0
FNH:0
DA:1,1
DA:2,1
DA:3,1
DA:4,1
DA:5,1
LF:5
LH:5
BRF:0
BRH:0
end_of_record
TN:
SF:src/module-1/basics/05-interfaces/5.1/interfaces.ts
FN:7,MyObj
FN:10,show
FNF:2
FNH:2
FNDA:1,MyObj
FNDA:1,show
DA:1,1
DA:2,1
DA:3,1
DA:4,1
DA:5,1
DA:6,1
DA:7,1
DA:8,1
DA:9,1
DA:10,1
DA:11,1
DA:12,1
DA:13,1
DA:14,1
DA:15,1
DA:16,1
DA:17,1
DA:18,1
LF:18
LH:18
BRDA:7,0,0,1
BRDA:10,1,0,1
BRF:2
BRH:2
end_of_record
TN:
SF:src/module-1/basics/05-interfaces/5.2/interface.ts
FN:7,MyObject
FN:10,compareTo
FNF:2
FNH:2
FNDA:3,MyObject
FNDA:3,compareTo
DA:1,1
DA:2,1
DA:3,1
DA:4,1
DA:5,1
DA:6,1
DA:7,1
DA:8,3
DA:9,3
DA:10,1
DA:11,3
DA:12,1
DA:13,1
DA:14,3
DA:15,3
DA:16,1
DA:17,1
DA:18,1
DA:19,1
DA:20,1
LF:20
LH:20
BRDA:7,0,0,3
BRDA:10,1,0,3
BRDA:11,2,0,1
BRDA:14,3,0,2
BRDA:14,4,0,1
BRDA:14,5,0,1
BRF:6
BRH:6
end_of_record
